[2025-09-14 10:40:08Z INFO HostContext] No proxy settings were found based on environmental variables (http_proxy/https_proxy/HTTP_PROXY/HTTPS_PROXY)
[2025-09-14 10:40:08Z INFO HostContext] Well known directory 'Bin': 'D:\source\Inventory\Inven_infra\actions-runner\bin'
[2025-09-14 10:40:08Z INFO HostContext] Well known directory 'Root': 'D:\source\Inventory\Inven_infra\actions-runner'
[2025-09-14 10:40:08Z INFO HostContext] Well known config file 'Credentials': 'D:\source\Inventory\Inven_infra\actions-runner\.credentials'
[2025-09-14 10:40:08Z INFO HostContext] Well known directory 'Bin': 'D:\source\Inventory\Inven_infra\actions-runner\bin'
[2025-09-14 10:40:08Z INFO HostContext] Well known directory 'Root': 'D:\source\Inventory\Inven_infra\actions-runner'
[2025-09-14 10:40:08Z INFO HostContext] Well known config file 'Runner': 'D:\source\Inventory\Inven_infra\actions-runner\.runner'
[2025-09-14 10:40:08Z INFO Listener] Runner is built for Windows (X64) - win-x64.
[2025-09-14 10:40:08Z INFO Listener] RuntimeInformation: Microsoft Windows 10.0.19045.
[2025-09-14 10:40:08Z INFO Listener] Version: 2.328.0
[2025-09-14 10:40:08Z INFO Listener] Commit: 6f9a9110adce65f44ca6f7c0ae142b9cc6af937b
[2025-09-14 10:40:08Z INFO Listener] Culture: ko-KR
[2025-09-14 10:40:08Z INFO Listener] UI Culture: ko-KR
[2025-09-14 10:40:08Z INFO HostContext] Well known directory 'Bin': 'D:\source\Inventory\Inven_infra\actions-runner\bin'
[2025-09-14 10:40:08Z INFO HostContext] Well known directory 'Root': 'D:\source\Inventory\Inven_infra\actions-runner'
[2025-09-14 10:40:08Z INFO Listener] Validating directory permissions for: 'D:\source\Inventory\Inven_infra\actions-runner'
[2025-09-14 10:40:08Z INFO CommandLineParser] Parse
[2025-09-14 10:40:08Z INFO CommandLineParser] Parsing 1 args
[2025-09-14 10:40:08Z INFO CommandLineParser] parsing argument
[2025-09-14 10:40:08Z INFO CommandLineParser] HasArgs: False
[2025-09-14 10:40:08Z INFO CommandLineParser] Adding Command: run
[2025-09-14 10:40:08Z INFO Listener] Arguments parsed
[2025-09-14 10:40:08Z INFO Runner] ExecuteCommand
[2025-09-14 10:40:08Z INFO ConfigurationStore] currentAssemblyLocation: D:\source\Inventory\Inven_infra\actions-runner\bin\Runner.Listener.dll
[2025-09-14 10:40:08Z INFO HostContext] Well known directory 'Bin': 'D:\source\Inventory\Inven_infra\actions-runner\bin'
[2025-09-14 10:40:08Z INFO ConfigurationStore] binPath: D:\source\Inventory\Inven_infra\actions-runner\bin
[2025-09-14 10:40:08Z INFO HostContext] Well known directory 'Bin': 'D:\source\Inventory\Inven_infra\actions-runner\bin'
[2025-09-14 10:40:08Z INFO HostContext] Well known directory 'Root': 'D:\source\Inventory\Inven_infra\actions-runner'
[2025-09-14 10:40:08Z INFO ConfigurationStore] RootFolder: D:\source\Inventory\Inven_infra\actions-runner
[2025-09-14 10:40:08Z INFO HostContext] Well known directory 'Bin': 'D:\source\Inventory\Inven_infra\actions-runner\bin'
[2025-09-14 10:40:08Z INFO HostContext] Well known directory 'Root': 'D:\source\Inventory\Inven_infra\actions-runner'
[2025-09-14 10:40:08Z INFO HostContext] Well known config file 'Runner': 'D:\source\Inventory\Inven_infra\actions-runner\.runner'
[2025-09-14 10:40:08Z INFO ConfigurationStore] ConfigFilePath: D:\source\Inventory\Inven_infra\actions-runner\.runner
[2025-09-14 10:40:08Z INFO HostContext] Well known directory 'Bin': 'D:\source\Inventory\Inven_infra\actions-runner\bin'
[2025-09-14 10:40:08Z INFO HostContext] Well known directory 'Root': 'D:\source\Inventory\Inven_infra\actions-runner'
[2025-09-14 10:40:08Z INFO HostContext] Well known config file 'MigratedRunner': 'D:\source\Inventory\Inven_infra\actions-runner\.runner_migrated'
[2025-09-14 10:40:08Z INFO ConfigurationStore] MigratedConfigFilePath: D:\source\Inventory\Inven_infra\actions-runner\.runner_migrated
[2025-09-14 10:40:08Z INFO HostContext] Well known directory 'Bin': 'D:\source\Inventory\Inven_infra\actions-runner\bin'
[2025-09-14 10:40:08Z INFO HostContext] Well known directory 'Root': 'D:\source\Inventory\Inven_infra\actions-runner'
[2025-09-14 10:40:08Z INFO HostContext] Well known config file 'Credentials': 'D:\source\Inventory\Inven_infra\actions-runner\.credentials'
[2025-09-14 10:40:08Z INFO ConfigurationStore] CredFilePath: D:\source\Inventory\Inven_infra\actions-runner\.credentials
[2025-09-14 10:40:08Z INFO HostContext] Well known directory 'Bin': 'D:\source\Inventory\Inven_infra\actions-runner\bin'
[2025-09-14 10:40:08Z INFO HostContext] Well known directory 'Root': 'D:\source\Inventory\Inven_infra\actions-runner'
[2025-09-14 10:40:08Z INFO HostContext] Well known config file 'MigratedCredentials': 'D:\source\Inventory\Inven_infra\actions-runner\.credentials_migrated'
[2025-09-14 10:40:08Z INFO ConfigurationStore] MigratedCredFilePath: D:\source\Inventory\Inven_infra\actions-runner\.credentials_migrated
[2025-09-14 10:40:08Z INFO HostContext] Well known directory 'Bin': 'D:\source\Inventory\Inven_infra\actions-runner\bin'
[2025-09-14 10:40:08Z INFO HostContext] Well known directory 'Root': 'D:\source\Inventory\Inven_infra\actions-runner'
[2025-09-14 10:40:08Z INFO HostContext] Well known config file 'Service': 'D:\source\Inventory\Inven_infra\actions-runner\.service'
[2025-09-14 10:40:08Z INFO ConfigurationStore] ServiceConfigFilePath: D:\source\Inventory\Inven_infra\actions-runner\.service
[2025-09-14 10:40:08Z INFO CommandSettings] Flag 'help': 'False'
[2025-09-14 10:40:08Z INFO CommandSettings] Flag 'version': 'False'
[2025-09-14 10:40:08Z INFO CommandSettings] Flag 'commit': 'False'
[2025-09-14 10:40:08Z INFO CommandSettings] Flag 'check': 'False'
[2025-09-14 10:40:09Z INFO CommandSettings] Command 'configure': 'False'
[2025-09-14 10:40:09Z INFO CommandSettings] Command 'remove': 'False'
[2025-09-14 10:40:09Z INFO CommandSettings] Command 'warmup': 'False'
[2025-09-14 10:40:09Z INFO ConfigurationManager] LoadSettings
[2025-09-14 10:40:09Z INFO ConfigurationStore] IsConfigured()
[2025-09-14 10:40:09Z INFO ConfigurationStore] IsConfigured: True
[2025-09-14 10:40:09Z INFO ConfigurationManager] Is configured: True
[2025-09-14 10:40:09Z INFO ConfigurationStore] Read setting file: 398 chars
[2025-09-14 10:40:09Z INFO ConfigurationManager] Settings Loaded
[2025-09-14 10:40:09Z INFO ConfigurationStore] IsServiceConfigured()
[2025-09-14 10:40:09Z INFO ConfigurationStore] IsServiceConfigured: False
[2025-09-14 10:40:09Z INFO CommandSettings] Command 'run': 'True'
[2025-09-14 10:40:09Z INFO ConfigurationStore] IsConfigured()
[2025-09-14 10:40:09Z INFO ConfigurationStore] IsConfigured: True
[2025-09-14 10:40:09Z INFO ConfigurationManager] Is configured: True
[2025-09-14 10:40:09Z INFO Runner] Could not parse the argument value '' for StartupType. Defaulting to Manual
[2025-09-14 10:40:09Z INFO Runner] Set runner startup type - Manual
[2025-09-14 10:40:09Z INFO CommandSettings] Flag 'once': 'False'
[2025-09-14 10:40:09Z INFO CommandSettings] Flag 'once': 'False'
[2025-09-14 10:40:09Z INFO Runner] RunAsync
[2025-09-14 10:40:09Z INFO ConfigurationManager] LoadMigratedSettings
[2025-09-14 10:40:09Z INFO ConfigurationStore] IsMigratedConfigured()
[2025-09-14 10:40:09Z INFO ConfigurationStore] IsMigratedConfigured: False
[2025-09-14 10:40:09Z INFO Runner] Failed to load migrated settings: No migrated configuration found.
[2025-09-14 10:40:09Z INFO Runner] Falling back to original .runner settings
[2025-09-14 10:40:09Z INFO Runner] Using BrokerMessageListener
[2025-09-14 10:40:09Z INFO BrokerMessageListener] Using provided settings
[2025-09-14 10:40:09Z INFO BrokerMessageListener] {
  "AgentId": 2,
  "AgentName": "DESKTOP-JOBCLPV",
  "PoolId": 1,
  "PoolName": "Default",
  "ServerUrl": "https://pipelinesghubeus2.actions.githubusercontent.com/To6B7xFMUSoPIueOC3MDASHrobE2pIFWSfqEspxfb3bsbnHksE/",
  "GitHubUrl": "https://github.com/moodeary/Inven_infra",
  "WorkFolder": "_work",
  "UseV2Flow": true,
  "ServerUrlV2": "https://broker.actions.githubusercontent.com/"
}
[2025-09-14 10:40:09Z INFO BrokerMessageListener] Loading Credentials
[2025-09-14 10:40:09Z INFO ConfigurationStore] HasCredentials()
[2025-09-14 10:40:09Z INFO ConfigurationStore] stored True
[2025-09-14 10:40:09Z INFO CredentialManager] GetCredentialProvider
[2025-09-14 10:40:09Z INFO CredentialManager] Creating type OAuth
[2025-09-14 10:40:09Z INFO CredentialManager] Creating credential type: OAuth
[2025-09-14 10:40:09Z INFO HostContext] Well known directory 'Bin': 'D:\source\Inventory\Inven_infra\actions-runner\bin'
[2025-09-14 10:40:09Z INFO HostContext] Well known directory 'Root': 'D:\source\Inventory\Inven_infra\actions-runner'
[2025-09-14 10:40:09Z INFO HostContext] Well known config file 'RSACredentials': 'D:\source\Inventory\Inven_infra\actions-runner\.credentials_rsaparams'
[2025-09-14 10:40:09Z INFO RSAEncryptedFileKeyManager] Loading RSA key parameters from file D:\source\Inventory\Inven_infra\actions-runner\.credentials_rsaparams
[2025-09-14 10:40:09Z INFO BrokerMessageListener] Attempt to create session.
[2025-09-14 10:40:09Z INFO BrokerMessageListener] Connecting to the Broker Server...
[2025-09-14 10:40:09Z INFO ConfigurationStore] HasCredentials()
[2025-09-14 10:40:09Z INFO ConfigurationStore] stored True
[2025-09-14 10:40:09Z INFO CredentialManager] GetCredentialProvider
[2025-09-14 10:40:09Z INFO CredentialManager] Creating type OAuth
[2025-09-14 10:40:09Z INFO CredentialManager] Creating credential type: OAuth
[2025-09-14 10:40:09Z INFO RSAEncryptedFileKeyManager] Loading RSA key parameters from file D:\source\Inventory\Inven_infra\actions-runner\.credentials_rsaparams
[2025-09-14 10:40:09Z INFO BrokerMessageListener] VssConnection created
[2025-09-14 10:40:09Z INFO BrokerMessageListener] Connecting to the Runner server...
[2025-09-14 10:40:09Z INFO RunnerServer] EstablishVssConnection
[2025-09-14 10:40:09Z INFO RunnerServer] Establish connection with 100 seconds timeout.
[2025-09-14 10:40:09Z INFO GitHubActionsService] Starting operation Location.GetConnectionData
[2025-09-14 10:40:09Z INFO RunnerServer] EstablishVssConnection
[2025-09-14 10:40:09Z INFO RunnerServer] Establish connection with 60 seconds timeout.
[2025-09-14 10:40:09Z INFO GitHubActionsService] Starting operation Location.GetConnectionData
[2025-09-14 10:40:09Z INFO RunnerServer] EstablishVssConnection
[2025-09-14 10:40:09Z INFO RunnerServer] Establish connection with 60 seconds timeout.
[2025-09-14 10:40:09Z INFO GitHubActionsService] Starting operation Location.GetConnectionData
[2025-09-14 10:40:10Z INFO GitHubActionsService] Finished operation Location.GetConnectionData
[2025-09-14 10:40:10Z INFO GitHubActionsService] Finished operation Location.GetConnectionData
[2025-09-14 10:40:10Z INFO GitHubActionsService] Finished operation Location.GetConnectionData
[2025-09-14 10:40:10Z INFO BrokerMessageListener] VssConnection created
[2025-09-14 10:40:10Z INFO Terminal] WRITE LINE: 
[2025-09-14 10:40:10Z INFO Terminal] WRITE LINE: 
[2025-09-14 10:40:10Z INFO RSAEncryptedFileKeyManager] Loading RSA key parameters from file D:\source\Inventory\Inven_infra\actions-runner\.credentials_rsaparams
[2025-09-14 10:40:10Z INFO RSAEncryptedFileKeyManager] Loading RSA key parameters from file D:\source\Inventory\Inven_infra\actions-runner\.credentials_rsaparams
[2025-09-14 10:40:10Z INFO GitHubActionsService] AAD Correlation ID for this token request: Unknown
[2025-09-14 10:40:11Z INFO BrokerMessageListener] Session created.
[2025-09-14 10:40:11Z INFO Terminal] WRITE LINE: Current runner version: '2.328.0'
[2025-09-14 10:40:11Z INFO Terminal] WRITE LINE: 2025-09-14 10:40:11Z: Listening for Jobs
[2025-09-14 10:40:11Z INFO JobDispatcher] Set runner/worker IPC timeout to 30 seconds.
