[2025-09-14 10:39:23Z INFO HostContext] No proxy settings were found based on environmental variables (http_proxy/https_proxy/HTTP_PROXY/HTTPS_PROXY)
[2025-09-14 10:39:23Z INFO HostContext] Well known directory 'Bin': 'D:\source\Inventory\Inven_infra\actions-runner\bin'
[2025-09-14 10:39:23Z INFO HostContext] Well known directory 'Root': 'D:\source\Inventory\Inven_infra\actions-runner'
[2025-09-14 10:39:23Z INFO HostContext] Well known config file 'Credentials': 'D:\source\Inventory\Inven_infra\actions-runner\.credentials'
[2025-09-14 10:39:23Z INFO HostContext] Well known directory 'Bin': 'D:\source\Inventory\Inven_infra\actions-runner\bin'
[2025-09-14 10:39:23Z INFO HostContext] Well known directory 'Root': 'D:\source\Inventory\Inven_infra\actions-runner'
[2025-09-14 10:39:23Z INFO HostContext] Well known config file 'Runner': 'D:\source\Inventory\Inven_infra\actions-runner\.runner'
[2025-09-14 10:39:23Z INFO Listener] Runner is built for Windows (X64) - win-x64.
[2025-09-14 10:39:23Z INFO Listener] RuntimeInformation: Microsoft Windows 10.0.19045.
[2025-09-14 10:39:23Z INFO Listener] Version: 2.328.0
[2025-09-14 10:39:23Z INFO Listener] Commit: 6f9a9110adce65f44ca6f7c0ae142b9cc6af937b
[2025-09-14 10:39:23Z INFO Listener] Culture: ko-KR
[2025-09-14 10:39:23Z INFO Listener] UI Culture: ko-KR
[2025-09-14 10:39:23Z INFO HostContext] Well known directory 'Bin': 'D:\source\Inventory\Inven_infra\actions-runner\bin'
[2025-09-14 10:39:23Z INFO HostContext] Well known directory 'Root': 'D:\source\Inventory\Inven_infra\actions-runner'
[2025-09-14 10:39:23Z INFO Listener] Validating directory permissions for: 'D:\source\Inventory\Inven_infra\actions-runner'
[2025-09-14 10:39:23Z INFO CommandLineParser] Parse
[2025-09-14 10:39:23Z INFO CommandLineParser] Parsing 5 args
[2025-09-14 10:39:23Z INFO CommandLineParser] parsing argument
[2025-09-14 10:39:23Z INFO CommandLineParser] HasArgs: False
[2025-09-14 10:39:23Z INFO CommandLineParser] Adding Command: configure
[2025-09-14 10:39:23Z INFO CommandLineParser] parsing argument
[2025-09-14 10:39:23Z INFO CommandLineParser] HasArgs: True
[2025-09-14 10:39:23Z INFO CommandLineParser] arg: url
[2025-09-14 10:39:23Z INFO CommandLineParser] parsing argument
[2025-09-14 10:39:23Z INFO CommandLineParser] HasArgs: True
[2025-09-14 10:39:23Z INFO CommandLineParser] Adding option 'url': 'https://github.com/moodeary/Inven_infra'
[2025-09-14 10:39:23Z INFO CommandLineParser] parsing argument
[2025-09-14 10:39:23Z INFO CommandLineParser] HasArgs: True
[2025-09-14 10:39:23Z INFO CommandLineParser] arg: token
[2025-09-14 10:39:23Z INFO CommandLineParser] parsing argument
[2025-09-14 10:39:23Z INFO CommandLineParser] HasArgs: True
[2025-09-14 10:39:23Z INFO CommandLineParser] Adding option 'token': '***'
[2025-09-14 10:39:23Z INFO Listener] Arguments parsed
[2025-09-14 10:39:23Z INFO Runner] ExecuteCommand
[2025-09-14 10:39:23Z INFO ConfigurationStore] currentAssemblyLocation: D:\source\Inventory\Inven_infra\actions-runner\bin\Runner.Listener.dll
[2025-09-14 10:39:23Z INFO HostContext] Well known directory 'Bin': 'D:\source\Inventory\Inven_infra\actions-runner\bin'
[2025-09-14 10:39:23Z INFO ConfigurationStore] binPath: D:\source\Inventory\Inven_infra\actions-runner\bin
[2025-09-14 10:39:23Z INFO HostContext] Well known directory 'Bin': 'D:\source\Inventory\Inven_infra\actions-runner\bin'
[2025-09-14 10:39:23Z INFO HostContext] Well known directory 'Root': 'D:\source\Inventory\Inven_infra\actions-runner'
[2025-09-14 10:39:23Z INFO ConfigurationStore] RootFolder: D:\source\Inventory\Inven_infra\actions-runner
[2025-09-14 10:39:23Z INFO HostContext] Well known directory 'Bin': 'D:\source\Inventory\Inven_infra\actions-runner\bin'
[2025-09-14 10:39:23Z INFO HostContext] Well known directory 'Root': 'D:\source\Inventory\Inven_infra\actions-runner'
[2025-09-14 10:39:23Z INFO HostContext] Well known config file 'Runner': 'D:\source\Inventory\Inven_infra\actions-runner\.runner'
[2025-09-14 10:39:23Z INFO ConfigurationStore] ConfigFilePath: D:\source\Inventory\Inven_infra\actions-runner\.runner
[2025-09-14 10:39:23Z INFO HostContext] Well known directory 'Bin': 'D:\source\Inventory\Inven_infra\actions-runner\bin'
[2025-09-14 10:39:23Z INFO HostContext] Well known directory 'Root': 'D:\source\Inventory\Inven_infra\actions-runner'
[2025-09-14 10:39:23Z INFO HostContext] Well known config file 'MigratedRunner': 'D:\source\Inventory\Inven_infra\actions-runner\.runner_migrated'
[2025-09-14 10:39:23Z INFO ConfigurationStore] MigratedConfigFilePath: D:\source\Inventory\Inven_infra\actions-runner\.runner_migrated
[2025-09-14 10:39:23Z INFO HostContext] Well known directory 'Bin': 'D:\source\Inventory\Inven_infra\actions-runner\bin'
[2025-09-14 10:39:23Z INFO HostContext] Well known directory 'Root': 'D:\source\Inventory\Inven_infra\actions-runner'
[2025-09-14 10:39:23Z INFO HostContext] Well known config file 'Credentials': 'D:\source\Inventory\Inven_infra\actions-runner\.credentials'
[2025-09-14 10:39:23Z INFO ConfigurationStore] CredFilePath: D:\source\Inventory\Inven_infra\actions-runner\.credentials
[2025-09-14 10:39:23Z INFO HostContext] Well known directory 'Bin': 'D:\source\Inventory\Inven_infra\actions-runner\bin'
[2025-09-14 10:39:23Z INFO HostContext] Well known directory 'Root': 'D:\source\Inventory\Inven_infra\actions-runner'
[2025-09-14 10:39:23Z INFO HostContext] Well known config file 'MigratedCredentials': 'D:\source\Inventory\Inven_infra\actions-runner\.credentials_migrated'
[2025-09-14 10:39:23Z INFO ConfigurationStore] MigratedCredFilePath: D:\source\Inventory\Inven_infra\actions-runner\.credentials_migrated
[2025-09-14 10:39:23Z INFO HostContext] Well known directory 'Bin': 'D:\source\Inventory\Inven_infra\actions-runner\bin'
[2025-09-14 10:39:23Z INFO HostContext] Well known directory 'Root': 'D:\source\Inventory\Inven_infra\actions-runner'
[2025-09-14 10:39:23Z INFO HostContext] Well known config file 'Service': 'D:\source\Inventory\Inven_infra\actions-runner\.service'
[2025-09-14 10:39:23Z INFO ConfigurationStore] ServiceConfigFilePath: D:\source\Inventory\Inven_infra\actions-runner\.service
[2025-09-14 10:39:23Z INFO CommandSettings] Flag 'help': 'False'
[2025-09-14 10:39:23Z INFO CommandSettings] Flag 'version': 'False'
[2025-09-14 10:39:23Z INFO CommandSettings] Flag 'commit': 'False'
[2025-09-14 10:39:23Z INFO CommandSettings] Flag 'check': 'False'
[2025-09-14 10:39:23Z INFO CommandSettings] Command 'configure': 'True'
[2025-09-14 10:39:23Z INFO Terminal] WRITE LINE: 
[2025-09-14 10:39:23Z INFO Terminal] WRITE LINE: --------------------------------------------------------------------------------
[2025-09-14 10:39:23Z INFO Terminal] WRITE LINE: |        ____ _ _   _   _       _          _        _   _                      |
[2025-09-14 10:39:23Z INFO Terminal] WRITE LINE: |       / ___(_) |_| | | |_   _| |__      / \   ___| |_(_) ___  _ __  ___      |
[2025-09-14 10:39:23Z INFO Terminal] WRITE LINE: |      | |  _| | __| |_| | | | | '_ \    / _ \ / __| __| |/ _ \| '_ \/ __|     |
[2025-09-14 10:39:23Z INFO Terminal] WRITE LINE: |      | |_| | | |_|  _  | |_| | |_) |  / ___ \ (__| |_| | (_) | | | \__ \     |
[2025-09-14 10:39:23Z INFO Terminal] WRITE LINE: |       \____|_|\__|_| |_|\__,_|_.__/  /_/   \_\___|\__|_|\___/|_| |_|___/     |
[2025-09-14 10:39:23Z INFO Terminal] WRITE LINE: |                                                                              |
[2025-09-14 10:39:23Z INFO Terminal] WRITE: |                       
[2025-09-14 10:39:23Z INFO Terminal] WRITE: Self-hosted runner registration
[2025-09-14 10:39:23Z INFO Terminal] WRITE LINE:                         |
[2025-09-14 10:39:23Z INFO Terminal] WRITE LINE: |                                                                              |
[2025-09-14 10:39:23Z INFO Terminal] WRITE LINE: --------------------------------------------------------------------------------
[2025-09-14 10:39:23Z INFO ConfigurationManager] ConfigureAsync
[2025-09-14 10:39:23Z INFO CommandSettings] Flag 'generateServiceConfig': 'False'
[2025-09-14 10:39:23Z INFO ConfigurationStore] IsConfigured()
[2025-09-14 10:39:23Z INFO ConfigurationStore] IsConfigured: False
[2025-09-14 10:39:23Z INFO ConfigurationManager] Is configured: False
[2025-09-14 10:39:23Z INFO CommandSettings] Arg 'url': 'https://github.com/moodeary/Inven_infra'
[2025-09-14 10:39:23Z INFO CommandSettings] Remove url from Arg dictionary.
[2025-09-14 10:39:23Z INFO CommandSettings] Arg 'token': '***'
[2025-09-14 10:39:23Z INFO CommandSettings] Remove token from Arg dictionary.
[2025-09-14 10:39:24Z INFO ConfigurationManager] Http response code: OK from 'POST https://api.github.com/actions/runner-registration' (250E:76B7D:5B451C:92939B:68C69B5B)
[2025-09-14 10:39:24Z INFO ConfigurationManager] Using V2 flow: False
[2025-09-14 10:39:24Z INFO ConfigurationManager] cred retrieved via GitHub auth
[2025-09-14 10:39:24Z INFO RunnerServer] EstablishVssConnection
[2025-09-14 10:39:24Z INFO RunnerServer] Establish connection with 100 seconds timeout.
[2025-09-14 10:39:24Z INFO GitHubActionsService] Starting operation Location.GetConnectionData
[2025-09-14 10:39:24Z INFO RunnerServer] EstablishVssConnection
[2025-09-14 10:39:24Z INFO RunnerServer] Establish connection with 60 seconds timeout.
[2025-09-14 10:39:24Z INFO GitHubActionsService] Starting operation Location.GetConnectionData
[2025-09-14 10:39:24Z INFO RunnerServer] EstablishVssConnection
[2025-09-14 10:39:24Z INFO RunnerServer] Establish connection with 60 seconds timeout.
[2025-09-14 10:39:24Z INFO GitHubActionsService] Starting operation Location.GetConnectionData
[2025-09-14 10:39:25Z INFO GitHubActionsService] Finished operation Location.GetConnectionData
[2025-09-14 10:39:25Z INFO GitHubActionsService] Finished operation Location.GetConnectionData
[2025-09-14 10:39:25Z INFO GitHubActionsService] Finished operation Location.GetConnectionData
[2025-09-14 10:39:25Z INFO Terminal] WRITE LINE: 
[2025-09-14 10:39:25Z INFO ConfigurationManager] Test Connection complete.
[2025-09-14 10:39:25Z INFO HostContext] Well known directory 'Bin': 'D:\source\Inventory\Inven_infra\actions-runner\bin'
[2025-09-14 10:39:25Z INFO HostContext] Well known directory 'Root': 'D:\source\Inventory\Inven_infra\actions-runner'
[2025-09-14 10:39:25Z INFO HostContext] Well known config file 'RSACredentials': 'D:\source\Inventory\Inven_infra\actions-runner\.credentials_rsaparams'
[2025-09-14 10:39:25Z INFO RSAEncryptedFileKeyManager] Creating new RSA key using 2048-bit key length
[2025-09-14 10:39:25Z INFO RSAEncryptedFileKeyManager] Successfully saved RSA key parameters to file D:\source\Inventory\Inven_infra\actions-runner\.credentials_rsaparams
[2025-09-14 10:39:26Z INFO CommandSettings] Arg 'runnergroup': ''
[2025-09-14 10:39:26Z INFO CommandSettings] Flag 'unattended': 'False'
[2025-09-14 10:39:26Z INFO PromptManager] ReadValue
[2025-09-14 10:39:26Z INFO Terminal] WRITE: Enter the name of the runner group to add this runner to: 
[2025-09-14 10:39:26Z INFO Terminal] WRITE: [press Enter for Default] 
[2025-09-14 10:39:26Z INFO Terminal] READ LINE
[2025-09-14 10:39:38Z INFO Terminal] Read value: ''
[2025-09-14 10:39:38Z INFO PromptManager] Falling back to the default: 'Default'
[2025-09-14 10:39:38Z INFO Terminal] WRITE LINE: 
[2025-09-14 10:39:38Z INFO ConfigurationManager] Found a self-hosted runner group with id 1 and name Default
[2025-09-14 10:39:38Z INFO CommandSettings] Flag 'disableupdate': 'False'
[2025-09-14 10:39:38Z INFO CommandSettings] Flag 'ephemeral': 'False'
[2025-09-14 10:39:38Z INFO CommandSettings] Arg 'name': ''
[2025-09-14 10:39:38Z INFO CommandSettings] Flag 'unattended': 'False'
[2025-09-14 10:39:38Z INFO PromptManager] ReadValue
[2025-09-14 10:39:38Z INFO Terminal] WRITE: Enter the name of runner: 
[2025-09-14 10:39:38Z INFO Terminal] WRITE: [press Enter for DESKTOP-JOBCLPV] 
[2025-09-14 10:39:38Z INFO Terminal] READ LINE
[2025-09-14 10:39:45Z INFO Terminal] Read value: ''
[2025-09-14 10:39:45Z INFO PromptManager] Falling back to the default: 'DESKTOP-JOBCLPV'
[2025-09-14 10:39:45Z INFO Terminal] WRITE LINE: 
[2025-09-14 10:39:45Z INFO CommandSettings] Arg 'labels': ''
[2025-09-14 10:39:45Z INFO CommandSettings] Flag 'unattended': 'False'
[2025-09-14 10:39:45Z INFO PromptManager] ReadValue
[2025-09-14 10:39:45Z INFO Terminal] WRITE: This runner will have the following labels: 'self-hosted', 'Windows', 'X64' 
Enter any additional labels (ex. label-1,label-2): 
[2025-09-14 10:39:45Z INFO Terminal] WRITE: [press Enter to skip] 
[2025-09-14 10:39:45Z INFO Terminal] READ LINE
[2025-09-14 10:39:47Z INFO Terminal] Read value: ''
[2025-09-14 10:39:47Z INFO Terminal] WRITE LINE: 
[2025-09-14 10:39:48Z INFO CommandSettings] Flag 'disableupdate': 'False'
[2025-09-14 10:39:48Z INFO CommandSettings] Flag 'no-default-labels': 'False'
[2025-09-14 10:39:48Z INFO CommandSettings] Flag 'disableupdate': 'False'
[2025-09-14 10:39:48Z INFO CommandSettings] Flag 'ephemeral': 'False'
[2025-09-14 10:39:48Z INFO ConfigurationStore] Saving OAuth credential @ D:\source\Inventory\Inven_infra\actions-runner\.credentials
[2025-09-14 10:39:48Z INFO ConfigurationStore] Credentials Saved.
[2025-09-14 10:39:48Z INFO ConfigurationStore] HasCredentials()
[2025-09-14 10:39:48Z INFO ConfigurationStore] stored True
[2025-09-14 10:39:48Z INFO CredentialManager] GetCredentialProvider
[2025-09-14 10:39:48Z INFO CredentialManager] Creating type OAuth
[2025-09-14 10:39:48Z INFO CredentialManager] Creating credential type: OAuth
[2025-09-14 10:39:48Z INFO RSAEncryptedFileKeyManager] Loading RSA key parameters from file D:\source\Inventory\Inven_infra\actions-runner\.credentials_rsaparams
[2025-09-14 10:39:48Z INFO RunnerServer] EstablishVssConnection
[2025-09-14 10:39:48Z INFO RunnerServer] Establish connection with 100 seconds timeout.
[2025-09-14 10:39:48Z INFO GitHubActionsService] Starting operation Location.GetConnectionData
[2025-09-14 10:39:48Z INFO RunnerServer] EstablishVssConnection
[2025-09-14 10:39:48Z INFO RunnerServer] Establish connection with 60 seconds timeout.
[2025-09-14 10:39:48Z INFO GitHubActionsService] Starting operation Location.GetConnectionData
[2025-09-14 10:39:48Z INFO RunnerServer] EstablishVssConnection
[2025-09-14 10:39:48Z INFO RunnerServer] Establish connection with 60 seconds timeout.
[2025-09-14 10:39:48Z INFO GitHubActionsService] Starting operation Location.GetConnectionData
[2025-09-14 10:39:48Z INFO GitHubActionsService] Finished operation Location.GetConnectionData
[2025-09-14 10:39:49Z INFO GitHubActionsService] Finished operation Location.GetConnectionData
[2025-09-14 10:39:49Z INFO GitHubActionsService] Finished operation Location.GetConnectionData
[2025-09-14 10:39:49Z INFO RSAEncryptedFileKeyManager] Loading RSA key parameters from file D:\source\Inventory\Inven_infra\actions-runner\.credentials_rsaparams
[2025-09-14 10:39:49Z INFO RSAEncryptedFileKeyManager] Loading RSA key parameters from file D:\source\Inventory\Inven_infra\actions-runner\.credentials_rsaparams
[2025-09-14 10:39:50Z INFO GitHubActionsService] AAD Correlation ID for this token request: Unknown
[2025-09-14 10:39:50Z INFO ConfigurationManager] Service enforced serverUrlV2: https://broker.actions.githubusercontent.com/
[2025-09-14 10:39:50Z INFO ConfigurationManager] Service enforced useV2Flow: True
[2025-09-14 10:39:50Z INFO CommandSettings] Arg 'work': ''
[2025-09-14 10:39:50Z INFO CommandSettings] Flag 'unattended': 'False'
[2025-09-14 10:39:50Z INFO PromptManager] ReadValue
[2025-09-14 10:39:50Z INFO Terminal] WRITE: Enter name of work folder: 
[2025-09-14 10:39:50Z INFO Terminal] WRITE: [press Enter for _work] 
[2025-09-14 10:39:50Z INFO Terminal] READ LINE
[2025-09-14 10:39:53Z INFO Terminal] Read value: ''
[2025-09-14 10:39:53Z INFO PromptManager] Falling back to the default: '_work'
[2025-09-14 10:39:53Z INFO ConfigurationStore] Saving runner settings.
[2025-09-14 10:39:53Z INFO ConfigurationStore] Settings Saved.
[2025-09-14 10:39:53Z INFO Terminal] WRITE LINE: 
[2025-09-14 10:39:53Z INFO Terminal] WRITE LINE: 
[2025-09-14 10:39:53Z INFO CommandSettings] Flag 'runasservice': 'False'
[2025-09-14 10:39:53Z INFO CommandSettings] Flag 'unattended': 'False'
[2025-09-14 10:39:53Z INFO PromptManager] ReadValue
[2025-09-14 10:39:53Z INFO Terminal] WRITE: Would you like to run the runner as service? (Y/N) 
[2025-09-14 10:39:53Z INFO Terminal] WRITE: [press Enter for N] 
[2025-09-14 10:39:53Z INFO Terminal] READ LINE
[2025-09-14 10:40:03Z INFO Terminal] Read value: ''
[2025-09-14 10:40:03Z INFO PromptManager] Falling back to the default: 'N'
[2025-09-14 10:40:03Z INFO Listener] Runner execution has finished with return code 0
